<?xml version="1.0" encoding="UTF-8"?>
<testng-results skipped="3" failed="0" total="3" passed="0">
  <reporter-output>
  </reporter-output>
  <suite name="Default suite" duration-ms="49488" started-at="2019-07-13T13:55:06Z" finished-at="2019-07-13T13:55:55Z">
    <groups>
    </groups>
    <test name="Default test" duration-ms="49488" started-at="2019-07-13T13:55:06Z" finished-at="2019-07-13T13:55:55Z">
      <class name="org.ssfdc.api.PersonDetailsTest">
        <test-method status="FAIL" signature="setup()[pri:0, instance:org.ssfdc.api.PersonDetailsTest@7f560810]" name="setup" is-config="true" duration-ms="0" started-at="2019-07-13T19:25:10Z" finished-at="2019-07-13T19:25:10Z">
          <exception class="org.openqa.selenium.TimeoutException">
            <message>
              <![CDATA[timeout
  (Session info: chrome=71.0.3578.98)
  (Driver info: chromedriver=2.45.615291 (ec3682e3c9061c10f26ea9e5cdcf3c53f3f74387),platform=Windows NT 10.0.17134 x86_64) (WARNING: The server did not provide any stacktrace information)
Command duration or timeout: 0 milliseconds
Build info: version: '3.141.5', revision: 'd54ebd709a', time: '2018-11-06T11:42:16'
System info: host: 'BG4NB0074', ip: '192.168.2.106', os.name: 'Windows 10', os.arch: 'amd64', os.version: '10.0', java.version: '1.8.0_181'
Driver info: org.openqa.selenium.chrome.ChromeDriver
Capabilities {acceptInsecureCerts: false, acceptSslCerts: false, applicationCacheEnabled: false, browserConnectionEnabled: false, browserName: chrome, chrome: {chromedriverVersion: 2.45.615291 (ec3682e3c9061c..., userDataDir: C:\Users\vinodha.s\AppData\...}, cssSelectorsEnabled: true, databaseEnabled: false, goog:chromeOptions: {debuggerAddress: localhost:62317}, handlesAlerts: true, hasTouchScreen: false, javascriptEnabled: true, locationContextEnabled: true, mobileEmulationEnabled: false, nativeEvents: true, networkConnectionEnabled: false, pageLoadStrategy: normal, platform: XP, platformName: XP, proxy: Proxy(), rotatable: false, setWindowRect: true, strictFileInteractability: false, takesHeapSnapshot: true, takesScreenshot: true, timeouts: {implicit: 0, pageLoad: 300000, script: 30000}, unexpectedAlertBehaviour: ignore, unhandledPromptBehavior: ignore, version: 71.0.3578.98, webStorageEnabled: true}
Session ID: 7b0364d67034f184f49009e98f8725f0]]>
            </message>
            <full-stacktrace>
              <![CDATA[org.openqa.selenium.TimeoutException: timeout
  (Session info: chrome=71.0.3578.98)
  (Driver info: chromedriver=2.45.615291 (ec3682e3c9061c10f26ea9e5cdcf3c53f3f74387),platform=Windows NT 10.0.17134 x86_64) (WARNING: The server did not provide any stacktrace information)
Command duration or timeout: 0 milliseconds
Build info: version: '3.141.5', revision: 'd54ebd709a', time: '2018-11-06T11:42:16'
System info: host: 'BG4NB0074', ip: '192.168.2.106', os.name: 'Windows 10', os.arch: 'amd64', os.version: '10.0', java.version: '1.8.0_181'
Driver info: org.openqa.selenium.chrome.ChromeDriver
Capabilities {acceptInsecureCerts: false, acceptSslCerts: false, applicationCacheEnabled: false, browserConnectionEnabled: false, browserName: chrome, chrome: {chromedriverVersion: 2.45.615291 (ec3682e3c9061c..., userDataDir: C:\Users\vinodha.s\AppData\...}, cssSelectorsEnabled: true, databaseEnabled: false, goog:chromeOptions: {debuggerAddress: localhost:62317}, handlesAlerts: true, hasTouchScreen: false, javascriptEnabled: true, locationContextEnabled: true, mobileEmulationEnabled: false, nativeEvents: true, networkConnectionEnabled: false, pageLoadStrategy: normal, platform: XP, platformName: XP, proxy: Proxy(), rotatable: false, setWindowRect: true, strictFileInteractability: false, takesHeapSnapshot: true, takesScreenshot: true, timeouts: {implicit: 0, pageLoad: 300000, script: 30000}, unexpectedAlertBehaviour: ignore, unhandledPromptBehavior: ignore, version: 71.0.3578.98, webStorageEnabled: true}
Session ID: 7b0364d67034f184f49009e98f8725f0
	at sun.reflect.NativeConstructorAccessorImpl.newInstance0(Native Method)
	at sun.reflect.NativeConstructorAccessorImpl.newInstance(NativeConstructorAccessorImpl.java:62)
	at sun.reflect.DelegatingConstructorAccessorImpl.newInstance(DelegatingConstructorAccessorImpl.java:45)
	at java.lang.reflect.Constructor.newInstance(Constructor.java:423)
	at org.openqa.selenium.remote.ErrorHandler.createThrowable(ErrorHandler.java:214)
	at org.openqa.selenium.remote.ErrorHandler.throwIfResponseFailed(ErrorHandler.java:166)
	at org.openqa.selenium.remote.http.JsonHttpResponseCodec.reconstructValue(JsonHttpResponseCodec.java:40)
	at org.openqa.selenium.remote.http.AbstractHttpResponseCodec.decode(AbstractHttpResponseCodec.java:80)
	at org.openqa.selenium.remote.http.AbstractHttpResponseCodec.decode(AbstractHttpResponseCodec.java:44)
	at org.openqa.selenium.remote.HttpCommandExecutor.execute(HttpCommandExecutor.java:158)
	at org.openqa.selenium.remote.service.DriverCommandExecutor.execute(DriverCommandExecutor.java:83)
	at org.openqa.selenium.remote.RemoteWebDriver.execute(RemoteWebDriver.java:552)
	at org.openqa.selenium.remote.RemoteWebDriver.get(RemoteWebDriver.java:277)
	at org.sfdc.base.TestBase.initialisation(TestBase.java:64)
	at org.ssfdc.api.PersonDetailsTest.setup(PersonDetailsTest.java:42)
	at sun.reflect.NativeMethodAccessorImpl.invoke0(Native Method)
	at sun.reflect.NativeMethodAccessorImpl.invoke(NativeMethodAccessorImpl.java:62)
	at sun.reflect.DelegatingMethodAccessorImpl.invoke(DelegatingMethodAccessorImpl.java:43)
	at java.lang.reflect.Method.invoke(Method.java:498)
	at org.testng.internal.MethodInvocationHelper.invokeMethod(MethodInvocationHelper.java:86)
	at org.testng.internal.Invoker.invokeConfigurationMethod(Invoker.java:514)
	at org.testng.internal.Invoker.invokeConfigurations(Invoker.java:215)
	at org.testng.internal.Invoker.invokeMethod(Invoker.java:589)
	at org.testng.internal.Invoker.invokeTestMethod(Invoker.java:822)
	at org.testng.internal.Invoker.invokeTestMethods(Invoker.java:1130)
	at org.testng.internal.TestMethodWorker.invokeTestMethods(TestMethodWorker.java:129)
	at org.testng.internal.TestMethodWorker.run(TestMethodWorker.java:112)
	at org.testng.TestRunner.privateRun(TestRunner.java:782)
	at org.testng.TestRunner.run(TestRunner.java:632)
	at org.testng.SuiteRunner.runTest(SuiteRunner.java:366)
	at org.testng.SuiteRunner.runSequentially(SuiteRunner.java:361)
	at org.testng.SuiteRunner.privateRun(SuiteRunner.java:319)
	at org.testng.SuiteRunner.run(SuiteRunner.java:268)
	at org.testng.SuiteRunnerWorker.runSuite(SuiteRunnerWorker.java:52)
	at org.testng.SuiteRunnerWorker.run(SuiteRunnerWorker.java:86)
	at org.testng.TestNG.runSuitesSequentially(TestNG.java:1244)
	at org.testng.TestNG.runSuitesLocally(TestNG.java:1169)
	at org.testng.TestNG.run(TestNG.java:1064)
	at org.testng.remote.RemoteTestNG.run(RemoteTestNG.java:113)
	at org.testng.remote.RemoteTestNG.initAndRun(RemoteTestNG.java:206)
	at org.testng.remote.RemoteTestNG.main(RemoteTestNG.java:177)
]]>
            </full-stacktrace>
          </exception> <!-- org.openqa.selenium.TimeoutException -->
          <reporter-output>
          </reporter-output>
        </test-method> <!-- setup -->
        <test-method status="SKIP" signature="registerAndfetchAPIData(java.lang.String, java.lang.String, java.lang.String, java.lang.String, java.lang.String, java.lang.String, java.lang.String, java.lang.String, java.lang.String, java.lang.String, java.lang.String)[pri:0, instance:org.ssfdc.api.PersonDetailsTest@7f560810]" name="registerAndfetchAPIData" duration-ms="0" started-at="2019-07-13T19:25:55Z" data-provider="inputData" finished-at="2019-07-13T19:25:55Z">
          <params>
            <param index="0">
              <value>
                <![CDATA[Jill]]>
              </value>
            </param>
            <param index="1">
              <value>
                <![CDATA[Registration]]>
              </value>
            </param>
            <param index="2">
              <value>
                <![CDATA[60.0]]>
              </value>
            </param>
            <param index="3">
              <value>
                <![CDATA[Jack@gmail.com]]>
              </value>
            </param>
            <param index="4">
              <value>
                <![CDATA[12.0]]>
              </value>
            </param>
            <param index="5">
              <value>
                <![CDATA[Berlin]]>
              </value>
            </param>
            <param index="6">
              <value>
                <![CDATA[10000.0]]>
              </value>
            </param>
            <param index="7">
              <value>
                <![CDATA[001-541-754-3010]]>
              </value>
            </param>
            <param index="8">
              <value>
                <![CDATA[Jhony]]>
              </value>
            </param>
            <param index="9">
              <value>
                <![CDATA[TEST]]>
              </value>
            </param>
            <param index="10">
              <value>
                <![CDATA[13.0]]>
              </value>
            </param>
          </params>
          <reporter-output>
          </reporter-output>
        </test-method> <!-- registerAndfetchAPIData -->
        <test-method status="SKIP" signature="setup()[pri:0, instance:org.ssfdc.api.PersonDetailsTest@7f560810]" name="setup" is-config="true" duration-ms="0" started-at="2019-07-13T19:25:55Z" finished-at="2019-07-13T19:25:55Z">
          <reporter-output>
          </reporter-output>
        </test-method> <!-- setup -->
        <test-method status="SKIP" signature="setup()[pri:0, instance:org.ssfdc.api.PersonDetailsTest@7f560810]" name="setup" is-config="true" duration-ms="0" started-at="2019-07-13T19:25:55Z" finished-at="2019-07-13T19:25:55Z">
          <reporter-output>
          </reporter-output>
        </test-method> <!-- setup -->
        <test-method status="SKIP" signature="registerAndfetchAPIData(java.lang.String, java.lang.String, java.lang.String, java.lang.String, java.lang.String, java.lang.String, java.lang.String, java.lang.String, java.lang.String, java.lang.String, java.lang.String)[pri:0, instance:org.ssfdc.api.PersonDetailsTest@7f560810]" name="registerAndfetchAPIData" duration-ms="0" started-at="2019-07-13T19:25:55Z" data-provider="inputData" finished-at="2019-07-13T19:25:55Z">
          <params>
            <param index="0">
              <value>
                <![CDATA[Jim]]>
              </value>
            </param>
            <param index="1">
              <value>
                <![CDATA[Registration]]>
              </value>
            </param>
            <param index="2">
              <value>
                <![CDATA[60.0]]>
              </value>
            </param>
            <param index="3">
              <value>
                <![CDATA[Jack@gmail.com]]>
              </value>
            </param>
            <param index="4">
              <value>
                <![CDATA[12.0]]>
              </value>
            </param>
            <param index="5">
              <value>
                <![CDATA[Berlin]]>
              </value>
            </param>
            <param index="6">
              <value>
                <![CDATA[10000.0]]>
              </value>
            </param>
            <param index="7">
              <value>
                <![CDATA[001-541-754-3010]]>
              </value>
            </param>
            <param index="8">
              <value>
                <![CDATA[Jimmy]]>
              </value>
            </param>
            <param index="9">
              <value>
                <![CDATA[TEST]]>
              </value>
            </param>
            <param index="10">
              <value>
                <![CDATA[13.0]]>
              </value>
            </param>
          </params>
          <reporter-output>
          </reporter-output>
        </test-method> <!-- registerAndfetchAPIData -->
        <test-method status="SKIP" signature="registerAndfetchAPIData(java.lang.String, java.lang.String, java.lang.String, java.lang.String, java.lang.String, java.lang.String, java.lang.String, java.lang.String, java.lang.String, java.lang.String, java.lang.String)[pri:0, instance:org.ssfdc.api.PersonDetailsTest@7f560810]" name="registerAndfetchAPIData" duration-ms="0" started-at="2019-07-13T19:25:55Z" data-provider="inputData" finished-at="2019-07-13T19:25:55Z">
          <params>
            <param index="0">
              <value>
                <![CDATA[Jack]]>
              </value>
            </param>
            <param index="1">
              <value>
                <![CDATA[Registration]]>
              </value>
            </param>
            <param index="2">
              <value>
                <![CDATA[60.0]]>
              </value>
            </param>
            <param index="3">
              <value>
                <![CDATA[Jack@gmail.com]]>
              </value>
            </param>
            <param index="4">
              <value>
                <![CDATA[12.0]]>
              </value>
            </param>
            <param index="5">
              <value>
                <![CDATA[Berlin]]>
              </value>
            </param>
            <param index="6">
              <value>
                <![CDATA[10000.0]]>
              </value>
            </param>
            <param index="7">
              <value>
                <![CDATA[001-541-754-3010]]>
              </value>
            </param>
            <param index="8">
              <value>
                <![CDATA[Jhonson]]>
              </value>
            </param>
            <param index="9">
              <value>
                <![CDATA[TEST]]>
              </value>
            </param>
            <param index="10">
              <value>
                <![CDATA[13.0]]>
              </value>
            </param>
          </params>
          <reporter-output>
          </reporter-output>
        </test-method> <!-- registerAndfetchAPIData -->
      </class> <!-- org.ssfdc.api.PersonDetailsTest -->
    </test> <!-- Default test -->
  </suite> <!-- Default suite -->
</testng-results>
